<?xml version="1.0" encoding="UTF-8" ?>
<testsuite failures="0" time="0.056" errors="0" skipped="0" tests="1" name="com.freeborders.strutsadapter.AppTest">
  <properties>
    <property name="java.runtime.name" value="Java(TM) SE Runtime Environment"/>
    <property name="sun.boot.library.path" value="C:\Program Files\Java\jdk1.6.0_26\jre\bin"/>
    <property name="java.vm.version" value="20.1-b02"/>
    <property name="java.vm.vendor" value="Sun Microsystems Inc."/>
    <property name="java.vendor.url" value="http://java.sun.com/"/>
    <property name="path.separator" value=";"/>
    <property name="java.vm.name" value="Java HotSpot(TM) 64-Bit Server VM"/>
    <property name="file.encoding.pkg" value="sun.io"/>
    <property name="user.country" value="CN"/>
    <property name="sun.java.launcher" value="SUN_STANDARD"/>
    <property name="sun.os.patch.level" value="Service Pack 1"/>
    <property name="java.vm.specification.name" value="Java Virtual Machine Specification"/>
    <property name="user.dir" value="D:\netbeans_project\adapter11\StrutsAdapter"/>
    <property name="java.runtime.version" value="1.6.0_26-b03"/>
    <property name="java.awt.graphicsenv" value="sun.awt.Win32GraphicsEnvironment"/>
    <property name="basedir" value="D:\netbeans_project\adapter11\StrutsAdapter"/>
    <property name="java.endorsed.dirs" value="C:\Program Files\Java\jdk1.6.0_26\jre\lib\endorsed"/>
    <property name="os.arch" value="amd64"/>
    <property name="surefire.real.class.path" value="D:\netbeans_project\adapter11\StrutsAdapter\target\surefire\surefirebooter1735349136631969502.jar"/>
    <property name="java.io.tmpdir" value="C:\Users\ADMINI~1\AppData\Local\Temp\"/>
    <property name="line.separator" value="
"/>
    <property name="java.vm.specification.vendor" value="Sun Microsystems Inc."/>
    <property name="user.variant" value=""/>
    <property name="os.name" value="Windows 7"/>
    <property name="sun.jnu.encoding" value="GBK"/>
    <property name="java.library.path" value="C:\Program Files\Java\jdk1.6.0_26\jre\bin;C:\Windows\Sun\Java\bin;C:\Windows\system32;C:\Windows;C:\Program Files\Broadcom\Broadcom 802.11 Network Adapter;;;C:\Windows\system32;C:\Windows;C:\Windows\System32\Wbem;C:\Windows\System32\WindowsPowerShell\v1.0\;C:\strawberry\c\bin;C:\strawberry\perl\bin;C:\Program Files\Java\jdk1.6.0_26\bin;D:\sofeware\apache-ant-1.8.4\\bin;C:\Program Files\Java\jdk1.6.0_26\bin;D:\sofeware\apache-ant-1.8.4\bin;C:\Program Files\Java\jdk1.6.0_26\bin;."/>
    <property name="surefire.test.class.path" value="D:\netbeans_project\adapter11\StrutsAdapter\target\test-classes;D:\netbeans_project\adapter11\StrutsAdapter\target\classes;C:\Users\Administrator\.m2\repository\org\apache\struts\struts2-core\2.3.1.2\struts2-core-2.3.1.2.jar;C:\Users\Administrator\.m2\repository\org\freemarker\freemarker\2.3.18\freemarker-2.3.18.jar;C:\Users\Administrator\.m2\repository\ognl\ognl\3.0.4\ognl-3.0.4.jar;C:\Users\Administrator\.m2\repository\javassist\javassist\3.11.0.GA\javassist-3.11.0.GA.jar;C:\Users\Administrator\.m2\repository\commons-fileupload\commons-fileupload\1.2.2\commons-fileupload-1.2.2.jar;C:\Users\Administrator\.m2\repository\commons-io\commons-io\2.0.1\commons-io-2.0.1.jar;C:\Program Files\Java\jdk1.6.0_26\jre\..\lib\tools.jar;C:\Users\Administrator\.m2\repository\jaxen\jaxen\1.1.1\jaxen-1.1.1.jar;C:\Users\Administrator\.m2\repository\dom4j\dom4j\1.6.1\dom4j-1.6.1.jar;C:\Users\Administrator\.m2\repository\jdom\jdom\1.0\jdom-1.0.jar;C:\Users\Administrator\.m2\repository\xml-apis\xml-apis\1.3.02\xml-apis-1.3.02.jar;C:\Users\Administrator\.m2\repository\xerces\xercesImpl\2.6.2\xercesImpl-2.6.2.jar;C:\Users\Administrator\.m2\repository\xom\xom\1.0\xom-1.0.jar;C:\Users\Administrator\.m2\repository\xerces\xmlParserAPIs\2.6.2\xmlParserAPIs-2.6.2.jar;C:\Users\Administrator\.m2\repository\xalan\xalan\2.6.0\xalan-2.6.0.jar;C:\Users\Administrator\.m2\repository\com\ibm\icu\icu4j\2.6.1\icu4j-2.6.1.jar;C:\Users\Administrator\.m2\repository\org\apache\struts\xwork\xwork-core\2.3.1.2\xwork-core-2.3.1.2.jar;C:\Users\Administrator\.m2\repository\commons-lang\commons-lang\2.5\commons-lang-2.5.jar;C:\Users\Administrator\.m2\repository\asm\asm\3.3\asm-3.3.jar;C:\Users\Administrator\.m2\repository\asm\asm-commons\3.3\asm-commons-3.3.jar;C:\Users\Administrator\.m2\repository\asm\asm-tree\3.3\asm-tree-3.3.jar;C:\Users\Administrator\.m2\repository\javax\javaee-api\6.0\javaee-api-6.0.jar;C:\Users\Administrator\.m2\repository\junit\junit\4.8.2\junit-4.8.2.jar;"/>
    <property name="java.specification.name" value="Java Platform API Specification"/>
    <property name="java.class.version" value="50.0"/>
    <property name="sun.management.compiler" value="HotSpot 64-Bit Tiered Compilers"/>
    <property name="os.version" value="6.1"/>
    <property name="user.home" value="C:\Users\Administrator"/>
    <property name="user.timezone" value=""/>
    <property name="java.awt.printerjob" value="sun.awt.windows.WPrinterJob"/>
    <property name="java.specification.version" value="1.6"/>
    <property name="file.encoding" value="GBK"/>
    <property name="user.name" value="Administrator"/>
    <property name="java.class.path" value="D:\netbeans_project\adapter11\StrutsAdapter\target\test-classes;D:\netbeans_project\adapter11\StrutsAdapter\target\classes;C:\Users\Administrator\.m2\repository\org\apache\struts\struts2-core\2.3.1.2\struts2-core-2.3.1.2.jar;C:\Users\Administrator\.m2\repository\org\freemarker\freemarker\2.3.18\freemarker-2.3.18.jar;C:\Users\Administrator\.m2\repository\ognl\ognl\3.0.4\ognl-3.0.4.jar;C:\Users\Administrator\.m2\repository\javassist\javassist\3.11.0.GA\javassist-3.11.0.GA.jar;C:\Users\Administrator\.m2\repository\commons-fileupload\commons-fileupload\1.2.2\commons-fileupload-1.2.2.jar;C:\Users\Administrator\.m2\repository\commons-io\commons-io\2.0.1\commons-io-2.0.1.jar;C:\Program Files\Java\jdk1.6.0_26\jre\..\lib\tools.jar;C:\Users\Administrator\.m2\repository\jaxen\jaxen\1.1.1\jaxen-1.1.1.jar;C:\Users\Administrator\.m2\repository\dom4j\dom4j\1.6.1\dom4j-1.6.1.jar;C:\Users\Administrator\.m2\repository\jdom\jdom\1.0\jdom-1.0.jar;C:\Users\Administrator\.m2\repository\xml-apis\xml-apis\1.3.02\xml-apis-1.3.02.jar;C:\Users\Administrator\.m2\repository\xerces\xercesImpl\2.6.2\xercesImpl-2.6.2.jar;C:\Users\Administrator\.m2\repository\xom\xom\1.0\xom-1.0.jar;C:\Users\Administrator\.m2\repository\xerces\xmlParserAPIs\2.6.2\xmlParserAPIs-2.6.2.jar;C:\Users\Administrator\.m2\repository\xalan\xalan\2.6.0\xalan-2.6.0.jar;C:\Users\Administrator\.m2\repository\com\ibm\icu\icu4j\2.6.1\icu4j-2.6.1.jar;C:\Users\Administrator\.m2\repository\org\apache\struts\xwork\xwork-core\2.3.1.2\xwork-core-2.3.1.2.jar;C:\Users\Administrator\.m2\repository\commons-lang\commons-lang\2.5\commons-lang-2.5.jar;C:\Users\Administrator\.m2\repository\asm\asm\3.3\asm-3.3.jar;C:\Users\Administrator\.m2\repository\asm\asm-commons\3.3\asm-commons-3.3.jar;C:\Users\Administrator\.m2\repository\asm\asm-tree\3.3\asm-tree-3.3.jar;C:\Users\Administrator\.m2\repository\javax\javaee-api\6.0\javaee-api-6.0.jar;C:\Users\Administrator\.m2\repository\junit\junit\4.8.2\junit-4.8.2.jar;"/>
    <property name="java.vm.specification.version" value="1.0"/>
    <property name="sun.arch.data.model" value="64"/>
    <property name="java.home" value="C:\Program Files\Java\jdk1.6.0_26\jre"/>
    <property name="sun.java.command" value="D:\netbeans_project\adapter11\StrutsAdapter\target\surefire\surefirebooter1735349136631969502.jar D:\netbeans_project\adapter11\StrutsAdapter\target\surefire\surefire2419893130730745642tmp D:\netbeans_project\adapter11\StrutsAdapter\target\surefire\surefire3445972574738786305tmp"/>
    <property name="java.specification.vendor" value="Sun Microsystems Inc."/>
    <property name="user.language" value="zh"/>
    <property name="awt.toolkit" value="sun.awt.windows.WToolkit"/>
    <property name="java.vm.info" value="mixed mode"/>
    <property name="java.version" value="1.6.0_26"/>
    <property name="java.ext.dirs" value="C:\Program Files\Java\jdk1.6.0_26\jre\lib\ext;C:\Windows\Sun\Java\lib\ext"/>
    <property name="sun.boot.class.path" value="C:\Program Files\Java\jdk1.6.0_26\jre\lib\resources.jar;C:\Program Files\Java\jdk1.6.0_26\jre\lib\rt.jar;C:\Program Files\Java\jdk1.6.0_26\jre\lib\sunrsasign.jar;C:\Program Files\Java\jdk1.6.0_26\jre\lib\jsse.jar;C:\Program Files\Java\jdk1.6.0_26\jre\lib\jce.jar;C:\Program Files\Java\jdk1.6.0_26\jre\lib\charsets.jar;C:\Program Files\Java\jdk1.6.0_26\jre\lib\modules\jdk.boot.jar;C:\Program Files\Java\jdk1.6.0_26\jre\classes"/>
    <property name="java.vendor" value="Sun Microsystems Inc."/>
    <property name="localRepository" value="C:\Users\Administrator\.m2\repository"/>
    <property name="file.separator" value="\"/>
    <property name="java.vendor.url.bug" value="http://java.sun.com/cgi-bin/bugreport.cgi"/>
    <property name="sun.cpu.endian" value="little"/>
    <property name="sun.io.unicode.encoding" value="UnicodeLittle"/>
    <property name="sun.desktop" value="windows"/>
    <property name="sun.cpu.isalist" value="amd64"/>
  </properties>
  <testcase time="0.001" classname="com.freeborders.strutsadapter.AppTest" name="testApp"/>
</testsuite>